                                 Started job on |	Oct 30 14:16:03
                             Started mapping on |	Oct 30 14:16:15
                                    Finished on |	Oct 30 14:16:25
       Mapping speed, Million of reads per hour |	1127.02

                          Number of input reads |	3130610
                      Average input read length |	194
                                    UNIQUE READS:
                   Uniquely mapped reads number |	2912084
                        Uniquely mapped reads % |	93.02%
                          Average mapped length |	194.78
                       Number of splices: Total |	1726459
            Number of splices: Annotated (sjdb) |	1717355
                       Number of splices: GT/AG |	1712032
                       Number of splices: GC/AG |	12975
                       Number of splices: AT/AC |	1303
               Number of splices: Non-canonical |	149
                      Mismatch rate per base, % |	0.14%
                         Deletion rate per base |	0.03%
                        Deletion average length |	1.76
                        Insertion rate per base |	0.01%
                       Insertion average length |	1.26
                             MULTI-MAPPING READS:
        Number of reads mapped to multiple loci |	199695
             % of reads mapped to multiple loci |	6.38%
        Number of reads mapped to too many loci |	7728
             % of reads mapped to too many loci |	0.25%
                                  UNMAPPED READS:
  Number of reads unmapped: too many mismatches |	0
       % of reads unmapped: too many mismatches |	0.00%
            Number of reads unmapped: too short |	7390
                 % of reads unmapped: too short |	0.24%
                Number of reads unmapped: other |	3713
                     % of reads unmapped: other |	0.12%
                                  CHIMERIC READS:
                       Number of chimeric reads |	0
                            % of chimeric reads |	0.00%
