                                 Started job on |	Nov 21 09:57:45
                             Started mapping on |	Nov 21 09:57:55
                                    Finished on |	Nov 21 09:58:06
       Mapping speed, Million of reads per hour |	1583.18

                          Number of input reads |	4837489
                      Average input read length |	101
                                    UNIQUE READS:
                   Uniquely mapped reads number |	4282775
                        Uniquely mapped reads % |	88.53%
                          Average mapped length |	100.97
                       Number of splices: Total |	1691304
            Number of splices: Annotated (sjdb) |	1683299
                       Number of splices: GT/AG |	1674368
                       Number of splices: GC/AG |	14304
                       Number of splices: AT/AC |	1836
               Number of splices: Non-canonical |	796
                      Mismatch rate per base, % |	0.13%
                         Deletion rate per base |	0.01%
                        Deletion average length |	1.50
                        Insertion rate per base |	0.00%
                       Insertion average length |	1.28
                             MULTI-MAPPING READS:
        Number of reads mapped to multiple loci |	453912
             % of reads mapped to multiple loci |	9.38%
        Number of reads mapped to too many loci |	15540
             % of reads mapped to too many loci |	0.32%
                                  UNMAPPED READS:
  Number of reads unmapped: too many mismatches |	0
       % of reads unmapped: too many mismatches |	0.00%
            Number of reads unmapped: too short |	78889
                 % of reads unmapped: too short |	1.63%
                Number of reads unmapped: other |	6373
                     % of reads unmapped: other |	0.13%
                                  CHIMERIC READS:
                       Number of chimeric reads |	0
                            % of chimeric reads |	0.00%
