                                 Started job on |	Feb 15 14:35:45
                             Started mapping on |	Feb 15 14:35:55
                                    Finished on |	Feb 15 14:36:08
       Mapping speed, Million of reads per hour |	1337.13

                          Number of input reads |	4828508
                      Average input read length |	101
                                    UNIQUE READS:
                   Uniquely mapped reads number |	4288719
                        Uniquely mapped reads % |	88.82%
                          Average mapped length |	100.96
                       Number of splices: Total |	1829456
            Number of splices: Annotated (sjdb) |	1820611
                       Number of splices: GT/AG |	1809549
                       Number of splices: GC/AG |	17093
                       Number of splices: AT/AC |	1892
               Number of splices: Non-canonical |	922
                      Mismatch rate per base, % |	0.13%
                         Deletion rate per base |	0.00%
                        Deletion average length |	1.51
                        Insertion rate per base |	0.00%
                       Insertion average length |	1.25
                             MULTI-MAPPING READS:
        Number of reads mapped to multiple loci |	441390
             % of reads mapped to multiple loci |	9.14%
        Number of reads mapped to too many loci |	19275
             % of reads mapped to too many loci |	0.40%
                                  UNMAPPED READS:
  Number of reads unmapped: too many mismatches |	0
       % of reads unmapped: too many mismatches |	0.00%
            Number of reads unmapped: too short |	72738
                 % of reads unmapped: too short |	1.51%
                Number of reads unmapped: other |	6386
                     % of reads unmapped: other |	0.13%
                                  CHIMERIC READS:
                       Number of chimeric reads |	0
                            % of chimeric reads |	0.00%
