                                 Started job on |	Feb 15 14:30:10
                             Started mapping on |	Feb 15 14:30:20
                                    Finished on |	Feb 15 14:30:32
       Mapping speed, Million of reads per hour |	1450.33

                          Number of input reads |	4834442
                      Average input read length |	101
                                    UNIQUE READS:
                   Uniquely mapped reads number |	4252611
                        Uniquely mapped reads % |	87.96%
                          Average mapped length |	100.97
                       Number of splices: Total |	1675069
            Number of splices: Annotated (sjdb) |	1667237
                       Number of splices: GT/AG |	1658296
                       Number of splices: GC/AG |	14278
                       Number of splices: AT/AC |	1699
               Number of splices: Non-canonical |	796
                      Mismatch rate per base, % |	0.13%
                         Deletion rate per base |	0.00%
                        Deletion average length |	1.49
                        Insertion rate per base |	0.00%
                       Insertion average length |	1.26
                             MULTI-MAPPING READS:
        Number of reads mapped to multiple loci |	482301
             % of reads mapped to multiple loci |	9.98%
        Number of reads mapped to too many loci |	17166
             % of reads mapped to too many loci |	0.36%
                                  UNMAPPED READS:
  Number of reads unmapped: too many mismatches |	0
       % of reads unmapped: too many mismatches |	0.00%
            Number of reads unmapped: too short |	75518
                 % of reads unmapped: too short |	1.56%
                Number of reads unmapped: other |	6846
                     % of reads unmapped: other |	0.14%
                                  CHIMERIC READS:
                       Number of chimeric reads |	0
                            % of chimeric reads |	0.00%
