                                 Started job on |	Oct 30 14:27:10
                             Started mapping on |	Oct 30 14:27:22
                                    Finished on |	Oct 30 14:27:32
       Mapping speed, Million of reads per hour |	887.13

                          Number of input reads |	2464263
                      Average input read length |	194
                                    UNIQUE READS:
                   Uniquely mapped reads number |	2298263
                        Uniquely mapped reads % |	93.26%
                          Average mapped length |	194.50
                       Number of splices: Total |	1455875
            Number of splices: Annotated (sjdb) |	1447525
                       Number of splices: GT/AG |	1443461
                       Number of splices: GC/AG |	11195
                       Number of splices: AT/AC |	1077
               Number of splices: Non-canonical |	142
                      Mismatch rate per base, % |	0.13%
                         Deletion rate per base |	0.02%
                        Deletion average length |	2.23
                        Insertion rate per base |	0.01%
                       Insertion average length |	1.27
                             MULTI-MAPPING READS:
        Number of reads mapped to multiple loci |	146625
             % of reads mapped to multiple loci |	5.95%
        Number of reads mapped to too many loci |	5843
             % of reads mapped to too many loci |	0.24%
                                  UNMAPPED READS:
  Number of reads unmapped: too many mismatches |	0
       % of reads unmapped: too many mismatches |	0.00%
            Number of reads unmapped: too short |	6141
                 % of reads unmapped: too short |	0.25%
                Number of reads unmapped: other |	7391
                     % of reads unmapped: other |	0.30%
                                  CHIMERIC READS:
                       Number of chimeric reads |	0
                            % of chimeric reads |	0.00%
