                                 Started job on |	Oct 30 14:18:11
                             Started mapping on |	Oct 30 14:18:29
                                    Finished on |	Oct 30 14:18:42
       Mapping speed, Million of reads per hour |	705.62

                          Number of input reads |	2548081
                      Average input read length |	195
                                    UNIQUE READS:
                   Uniquely mapped reads number |	2391803
                        Uniquely mapped reads % |	93.87%
                          Average mapped length |	194.96
                       Number of splices: Total |	1411583
            Number of splices: Annotated (sjdb) |	1403523
                       Number of splices: GT/AG |	1399027
                       Number of splices: GC/AG |	11324
                       Number of splices: AT/AC |	1103
               Number of splices: Non-canonical |	129
                      Mismatch rate per base, % |	0.12%
                         Deletion rate per base |	0.02%
                        Deletion average length |	1.77
                        Insertion rate per base |	0.01%
                       Insertion average length |	1.19
                             MULTI-MAPPING READS:
        Number of reads mapped to multiple loci |	138338
             % of reads mapped to multiple loci |	5.43%
        Number of reads mapped to too many loci |	6601
             % of reads mapped to too many loci |	0.26%
                                  UNMAPPED READS:
  Number of reads unmapped: too many mismatches |	0
       % of reads unmapped: too many mismatches |	0.00%
            Number of reads unmapped: too short |	7517
                 % of reads unmapped: too short |	0.30%
                Number of reads unmapped: other |	3822
                     % of reads unmapped: other |	0.15%
                                  CHIMERIC READS:
                       Number of chimeric reads |	0
                            % of chimeric reads |	0.00%
