[2024-11-21 11:09:27.305] [jointLog] [info] setting maxHashResizeThreads to 25
[2024-11-21 11:09:27.305] [jointLog] [info] Fragment incompatibility prior below threshold.  Incompatible fragments will be ignored.
[2024-11-21 11:09:27.456] [jointLog] [info] numQuantThreads = 19
[2024-11-21 11:09:29.996] [fileLog] [info] quantification processed 0 fragments so far

[2024-11-21 11:09:29.821] [jointLog] [info] replaced 0 non-ACGT nucleotides with random nucleotides
[2024-11-21 11:09:30.029] [jointLog] [info] Automatically detected most likely library type as IU

[2024-11-21 11:09:31.533] [fileLog] [info] quantification processed 1000000 fragments so far

[2024-11-21 11:09:33.072] [fileLog] [info] quantification processed 2000000 fragments so far

[2024-11-21 11:09:34.728] [fileLog] [info] quantification processed 3000000 fragments so far

[2024-11-21 11:09:35.115] [jointLog] [info] 

The alignment group queue pool has been exhausted.  3906541 extra fragments were allocated on the heap to saturate the pool.  No new fragments will be allocated


[2024-11-21 11:09:38.427] [fileLog] [info] quantification processed 4000000 fragments so far

[2024-11-21 11:09:39.532] [fileLog] [info] quantification processed 4262508 fragments so far

[2024-11-21 11:09:48.053] [jointLog] [info] Thread saw mini-batch with a maximum of 0.10% zero probability fragments
[2024-11-21 11:09:48.054] [jointLog] [info] Thread saw mini-batch with a maximum of 0.10% zero probability fragments
[2024-11-21 11:09:48.057] [jointLog] [info] Thread saw mini-batch with a maximum of 0.10% zero probability fragments
[2024-11-21 11:09:48.060] [jointLog] [info] Thread saw mini-batch with a maximum of 0.10% zero probability fragments
[2024-11-21 11:09:48.066] [jointLog] [info] Thread saw mini-batch with a maximum of 0.20% zero probability fragments
[2024-11-21 11:09:48.070] [jointLog] [info] Thread saw mini-batch with a maximum of 0.20% zero probability fragments
[2024-11-21 11:09:48.091] [jointLog] [info] Thread saw mini-batch with a maximum of 0.10% zero probability fragments
[2024-11-21 11:09:48.097] [jointLog] [info] Thread saw mini-batch with a maximum of 0.10% zero probability fragments
[2024-11-21 11:09:48.100] [jointLog] [info] Thread saw mini-batch with a maximum of 0.10% zero probability fragments
[2024-11-21 11:09:48.101] [jointLog] [info] Thread saw mini-batch with a maximum of 0.10% zero probability fragments
[2024-11-21 11:09:48.103] [jointLog] [info] Thread saw mini-batch with a maximum of 0.20% zero probability fragments
[2024-11-21 11:09:48.107] [jointLog] [info] Thread saw mini-batch with a maximum of 0.20% zero probability fragments
[2024-11-21 11:09:48.109] [jointLog] [info] Thread saw mini-batch with a maximum of 0.10% zero probability fragments
[2024-11-21 11:09:48.110] [jointLog] [info] Thread saw mini-batch with a maximum of 0.10% zero probability fragments
[2024-11-21 11:09:48.110] [jointLog] [info] Thread saw mini-batch with a maximum of 0.20% zero probability fragments
[2024-11-21 11:09:48.113] [jointLog] [info] Thread saw mini-batch with a maximum of 0.10% zero probability fragments
[2024-11-21 11:09:48.114] [jointLog] [info] Thread saw mini-batch with a maximum of 0.10% zero probability fragments
[2024-11-21 11:09:48.117] [jointLog] [info] Thread saw mini-batch with a maximum of 0.10% zero probability fragments
[2024-11-21 11:09:48.117] [jointLog] [info] Thread saw mini-batch with a maximum of 0.10% zero probability fragments
[2024-11-21 11:09:48.119] [jointLog] [info] 


Completed first pass through the alignment file.
Total # of mapped reads : 4262508
# of uniquely mapped reads : 1241338
# ambiguously mapped reads : 3021170



[2024-11-21 11:09:48.247] [jointLog] [info] Computed 214,261 rich equivalence classes for further processing
[2024-11-21 11:09:48.247] [jointLog] [info] Counted 4,262,318 total reads in the equivalence classes 
[2024-11-21 11:09:48.259] [jointLog] [warning] Only 4262508 fragments were mapped, but the number of burn-in fragments was set to 5000000.
The effective lengths have been computed using the observed mappings.

[2024-11-21 11:09:48.260] [jointLog] [info] starting optimizer
[2024-11-21 11:09:48.318] [jointLog] [info] Marked 0 weighted equivalence classes as degenerate
[2024-11-21 11:09:48.323] [jointLog] [info] iteration = 0 | max rel diff. = 2724.79
[2024-11-21 11:09:48.365] [jointLog] [info] iteration 11, adjusting effective lengths to account for biases
[2024-11-21 11:09:50.957] [jointLog] [info] Computed expected counts (for bias correction)
[2024-11-21 11:09:50.958] [jointLog] [info] processed bias for 0.3% of the transcripts
[2024-11-21 11:09:51.248] [jointLog] [info] processed bias for 10.0% of the transcripts
[2024-11-21 11:09:51.545] [jointLog] [info] processed bias for 20.0% of the transcripts
[2024-11-21 11:09:51.812] [jointLog] [info] processed bias for 30.0% of the transcripts
[2024-11-21 11:09:52.150] [jointLog] [info] processed bias for 40.0% of the transcripts
[2024-11-21 11:09:52.460] [jointLog] [info] processed bias for 50.0% of the transcripts
[2024-11-21 11:09:52.776] [jointLog] [info] processed bias for 60.0% of the transcripts
[2024-11-21 11:09:53.086] [jointLog] [info] processed bias for 70.0% of the transcripts
[2024-11-21 11:09:53.323] [jointLog] [info] processed bias for 80.0% of the transcripts
[2024-11-21 11:09:53.594] [jointLog] [info] processed bias for 90.0% of the transcripts
[2024-11-21 11:09:53.877] [jointLog] [info] processed bias for 100.0% of the transcripts
[2024-11-21 11:09:53.883] [jointLog] [info] processed bias for 100.0% of the transcripts
[2024-11-21 11:09:54.307] [jointLog] [info] iteration = 100 | max rel diff. = 12.0251
[2024-11-21 11:09:54.771] [jointLog] [info] iteration = 200 | max rel diff. = 12.5595
[2024-11-21 11:09:55.231] [jointLog] [info] iteration = 300 | max rel diff. = 17.7919
[2024-11-21 11:09:55.684] [jointLog] [info] iteration = 400 | max rel diff. = 2.37811
[2024-11-21 11:09:56.130] [jointLog] [info] iteration = 500 | max rel diff. = 2.7095
[2024-11-21 11:09:56.567] [jointLog] [info] iteration = 600 | max rel diff. = 0.181898
[2024-11-21 11:09:57.012] [jointLog] [info] iteration = 700 | max rel diff. = 0.622974
[2024-11-21 11:09:57.464] [jointLog] [info] iteration = 800 | max rel diff. = 1.68858
[2024-11-21 11:09:57.914] [jointLog] [info] iteration = 900 | max rel diff. = 0.11528
[2024-11-21 11:09:58.361] [jointLog] [info] iteration = 1,000 | max rel diff. = 0.0332967
[2024-11-21 11:09:58.568] [jointLog] [info] iteration = 1,047 | max rel diff. = 0.00671076
[2024-11-21 11:09:58.578] [jointLog] [info] finished optimizer
[2024-11-21 11:09:58.578] [jointLog] [info] writing output
[2024-11-21 11:09:59.671] [jointLog] [info] Computing gene-level abundance estimates
[2024-11-21 11:10:19.316] [jointLog] [info] There were 142379 transcripts mapping to 55357 genes
[2024-11-21 11:10:19.316] [jointLog] [info] NOTE: We recommend using tximport (https://bioconductor.org/packages/release/bioc/html/tximport.html) for aggregating transcript-level salmon abundance estimates to the gene level.  It is more versatile, exposes more features, and allows considering multi-sample information during aggregation.
[2024-11-21 11:10:19.578] [jointLog] [info] Aggregating expressions to gene level
[2024-11-21 11:10:19.677] [jointLog] [info] done
