                                 Started job on |	Oct 30 14:24:37
                             Started mapping on |	Oct 30 14:24:50
                                    Finished on |	Oct 30 14:25:09
       Mapping speed, Million of reads per hour |	620.94

                          Number of input reads |	3277163
                      Average input read length |	194
                                    UNIQUE READS:
                   Uniquely mapped reads number |	3022577
                        Uniquely mapped reads % |	92.23%
                          Average mapped length |	194.85
                       Number of splices: Total |	1986040
            Number of splices: Annotated (sjdb) |	1971832
                       Number of splices: GT/AG |	1967575
                       Number of splices: GC/AG |	16828
                       Number of splices: AT/AC |	1458
               Number of splices: Non-canonical |	179
                      Mismatch rate per base, % |	0.08%
                         Deletion rate per base |	0.00%
                        Deletion average length |	1.51
                        Insertion rate per base |	0.00%
                       Insertion average length |	1.13
                             MULTI-MAPPING READS:
        Number of reads mapped to multiple loci |	197200
             % of reads mapped to multiple loci |	6.02%
        Number of reads mapped to too many loci |	18611
             % of reads mapped to too many loci |	0.57%
                                  UNMAPPED READS:
  Number of reads unmapped: too many mismatches |	0
       % of reads unmapped: too many mismatches |	0.00%
            Number of reads unmapped: too short |	11717
                 % of reads unmapped: too short |	0.36%
                Number of reads unmapped: other |	27058
                     % of reads unmapped: other |	0.83%
                                  CHIMERIC READS:
                       Number of chimeric reads |	0
                            % of chimeric reads |	0.00%
