[2024-11-21 11:06:02.004] [jointLog] [info] setting maxHashResizeThreads to 25
[2024-11-21 11:06:02.004] [jointLog] [info] Fragment incompatibility prior below threshold.  Incompatible fragments will be ignored.
[2024-11-21 11:06:02.139] [jointLog] [info] numQuantThreads = 19
[2024-11-21 11:06:04.606] [fileLog] [info] quantification processed 0 fragments so far

[2024-11-21 11:06:04.432] [jointLog] [info] replaced 0 non-ACGT nucleotides with random nucleotides
[2024-11-21 11:06:04.644] [jointLog] [info] Automatically detected most likely library type as IU

[2024-11-21 11:06:05.718] [fileLog] [info] quantification processed 1000000 fragments so far

[2024-11-21 11:06:07.244] [fileLog] [info] quantification processed 2000000 fragments so far

[2024-11-21 11:06:08.748] [fileLog] [info] quantification processed 3000000 fragments so far

[2024-11-21 11:06:08.778] [jointLog] [info] 

The alignment group queue pool has been exhausted.  3771148 extra fragments were allocated on the heap to saturate the pool.  No new fragments will be allocated


[2024-11-21 11:06:12.482] [fileLog] [info] quantification processed 4000000 fragments so far

[2024-11-21 11:06:13.415] [fileLog] [info] quantification processed 4250665 fragments so far

[2024-11-21 11:06:20.743] [jointLog] [info] Thread saw mini-batch with a maximum of 0.10% zero probability fragments
[2024-11-21 11:06:20.755] [jointLog] [info] Thread saw mini-batch with a maximum of 0.10% zero probability fragments
[2024-11-21 11:06:20.763] [jointLog] [info] Thread saw mini-batch with a maximum of 0.10% zero probability fragments
[2024-11-21 11:06:20.771] [jointLog] [info] Thread saw mini-batch with a maximum of 0.10% zero probability fragments
[2024-11-21 11:06:20.772] [jointLog] [info] Thread saw mini-batch with a maximum of 0.10% zero probability fragments
[2024-11-21 11:06:20.774] [jointLog] [info] Thread saw mini-batch with a maximum of 0.10% zero probability fragments
[2024-11-21 11:06:20.777] [jointLog] [info] Thread saw mini-batch with a maximum of 0.20% zero probability fragments
[2024-11-21 11:06:20.778] [jointLog] [info] Thread saw mini-batch with a maximum of 0.10% zero probability fragments
[2024-11-21 11:06:20.779] [jointLog] [info] Thread saw mini-batch with a maximum of 0.10% zero probability fragments
[2024-11-21 11:06:20.779] [jointLog] [info] Thread saw mini-batch with a maximum of 0.10% zero probability fragments
[2024-11-21 11:06:20.781] [jointLog] [info] Thread saw mini-batch with a maximum of 0.20% zero probability fragments
[2024-11-21 11:06:20.782] [jointLog] [info] Thread saw mini-batch with a maximum of 0.20% zero probability fragments
[2024-11-21 11:06:20.788] [jointLog] [info] Thread saw mini-batch with a maximum of 0.10% zero probability fragments
[2024-11-21 11:06:20.791] [jointLog] [info] Thread saw mini-batch with a maximum of 0.20% zero probability fragments
[2024-11-21 11:06:20.793] [jointLog] [info] Thread saw mini-batch with a maximum of 0.20% zero probability fragments
[2024-11-21 11:06:20.795] [jointLog] [info] Thread saw mini-batch with a maximum of 0.10% zero probability fragments
[2024-11-21 11:06:20.800] [jointLog] [info] Thread saw mini-batch with a maximum of 0.20% zero probability fragments
[2024-11-21 11:06:20.803] [jointLog] [info] Thread saw mini-batch with a maximum of 0.10% zero probability fragments
[2024-11-21 11:06:20.805] [jointLog] [info] Thread saw mini-batch with a maximum of 0.10% zero probability fragments
[2024-11-21 11:06:20.806] [jointLog] [info] 


Completed first pass through the alignment file.
Total # of mapped reads : 4250665
# of uniquely mapped reads : 1274781
# ambiguously mapped reads : 2975884



[2024-11-21 11:06:20.921] [jointLog] [info] Computed 211,255 rich equivalence classes for further processing
[2024-11-21 11:06:20.921] [jointLog] [info] Counted 4,250,482 total reads in the equivalence classes 
[2024-11-21 11:06:20.932] [jointLog] [warning] Only 4250665 fragments were mapped, but the number of burn-in fragments was set to 5000000.
The effective lengths have been computed using the observed mappings.

[2024-11-21 11:06:20.932] [jointLog] [info] starting optimizer
[2024-11-21 11:06:20.987] [jointLog] [info] Marked 0 weighted equivalence classes as degenerate
[2024-11-21 11:06:20.991] [jointLog] [info] iteration = 0 | max rel diff. = 2634.94
[2024-11-21 11:06:21.031] [jointLog] [info] iteration 11, adjusting effective lengths to account for biases
[2024-11-21 11:06:23.597] [jointLog] [info] Computed expected counts (for bias correction)
[2024-11-21 11:06:23.597] [jointLog] [info] processed bias for 0.3% of the transcripts
[2024-11-21 11:06:23.882] [jointLog] [info] processed bias for 10.0% of the transcripts
[2024-11-21 11:06:24.186] [jointLog] [info] processed bias for 20.0% of the transcripts
[2024-11-21 11:06:24.482] [jointLog] [info] processed bias for 30.0% of the transcripts
[2024-11-21 11:06:24.795] [jointLog] [info] processed bias for 40.0% of the transcripts
[2024-11-21 11:06:25.057] [jointLog] [info] processed bias for 50.0% of the transcripts
[2024-11-21 11:06:25.355] [jointLog] [info] processed bias for 60.0% of the transcripts
[2024-11-21 11:06:25.635] [jointLog] [info] processed bias for 70.0% of the transcripts
[2024-11-21 11:06:25.886] [jointLog] [info] processed bias for 80.0% of the transcripts
[2024-11-21 11:06:26.180] [jointLog] [info] processed bias for 90.0% of the transcripts
[2024-11-21 11:06:26.505] [jointLog] [info] processed bias for 100.0% of the transcripts
[2024-11-21 11:06:26.921] [jointLog] [info] iteration = 100 | max rel diff. = 20.4519
[2024-11-21 11:06:27.374] [jointLog] [info] iteration = 200 | max rel diff. = 5.96548
[2024-11-21 11:06:27.824] [jointLog] [info] iteration = 300 | max rel diff. = 1.89495
[2024-11-21 11:06:28.271] [jointLog] [info] iteration = 400 | max rel diff. = 0.276279
[2024-11-21 11:06:28.726] [jointLog] [info] iteration = 500 | max rel diff. = 0.24933
[2024-11-21 11:06:29.173] [jointLog] [info] iteration = 600 | max rel diff. = 0.790994
[2024-11-21 11:06:29.618] [jointLog] [info] iteration = 700 | max rel diff. = 1.37613
[2024-11-21 11:06:30.052] [jointLog] [info] iteration = 800 | max rel diff. = 0.29869
[2024-11-21 11:06:30.474] [jointLog] [info] iteration = 900 | max rel diff. = 0.0438883
[2024-11-21 11:06:30.901] [jointLog] [info] iteration = 1,000 | max rel diff. = 0.10178
[2024-11-21 11:06:31.034] [jointLog] [info] iteration = 1,032 | max rel diff. = 0.00702618
[2024-11-21 11:06:31.043] [jointLog] [info] finished optimizer
[2024-11-21 11:06:31.043] [jointLog] [info] writing output
[2024-11-21 11:06:32.029] [jointLog] [info] Computing gene-level abundance estimates
[2024-11-21 11:06:51.627] [jointLog] [info] There were 142379 transcripts mapping to 55357 genes
[2024-11-21 11:06:51.627] [jointLog] [info] NOTE: We recommend using tximport (https://bioconductor.org/packages/release/bioc/html/tximport.html) for aggregating transcript-level salmon abundance estimates to the gene level.  It is more versatile, exposes more features, and allows considering multi-sample information during aggregation.
[2024-11-21 11:06:51.819] [jointLog] [info] Aggregating expressions to gene level
[2024-11-21 11:06:51.920] [jointLog] [info] done
