                                 Started job on |	Feb 15 14:39:25
                             Started mapping on |	Feb 15 14:40:49
                                    Finished on |	Feb 15 14:41:14
       Mapping speed, Million of reads per hour |	695.65

                          Number of input reads |	4830888
                      Average input read length |	101
                                    UNIQUE READS:
                   Uniquely mapped reads number |	4271385
                        Uniquely mapped reads % |	88.42%
                          Average mapped length |	100.96
                       Number of splices: Total |	1789498
            Number of splices: Annotated (sjdb) |	1788137
                       Number of splices: GT/AG |	1770418
                       Number of splices: GC/AG |	16329
                       Number of splices: AT/AC |	1852
               Number of splices: Non-canonical |	899
                      Mismatch rate per base, % |	0.13%
                         Deletion rate per base |	0.01%
                        Deletion average length |	1.55
                        Insertion rate per base |	0.00%
                       Insertion average length |	1.27
                             MULTI-MAPPING READS:
        Number of reads mapped to multiple loci |	449025
             % of reads mapped to multiple loci |	9.29%
        Number of reads mapped to too many loci |	19557
             % of reads mapped to too many loci |	0.40%
                                  UNMAPPED READS:
  Number of reads unmapped: too many mismatches |	0
       % of reads unmapped: too many mismatches |	0.00%
            Number of reads unmapped: too short |	84069
                 % of reads unmapped: too short |	1.74%
                Number of reads unmapped: other |	6852
                     % of reads unmapped: other |	0.14%
                                  CHIMERIC READS:
                       Number of chimeric reads |	0
                            % of chimeric reads |	0.00%
