                                 Started job on |	Feb 15 14:35:45
                             Started mapping on |	Feb 15 14:37:13
                                    Finished on |	Feb 15 14:37:38
       Mapping speed, Million of reads per hour |	695.31

                          Number of input reads |	4828508
                      Average input read length |	101
                                    UNIQUE READS:
                   Uniquely mapped reads number |	4287106
                        Uniquely mapped reads % |	88.79%
                          Average mapped length |	100.96
                       Number of splices: Total |	1830358
            Number of splices: Annotated (sjdb) |	1829064
                       Number of splices: GT/AG |	1810375
                       Number of splices: GC/AG |	17150
                       Number of splices: AT/AC |	1913
               Number of splices: Non-canonical |	920
                      Mismatch rate per base, % |	0.13%
                         Deletion rate per base |	0.00%
                        Deletion average length |	1.51
                        Insertion rate per base |	0.00%
                       Insertion average length |	1.25
                             MULTI-MAPPING READS:
        Number of reads mapped to multiple loci |	443264
             % of reads mapped to multiple loci |	9.18%
        Number of reads mapped to too many loci |	18704
             % of reads mapped to too many loci |	0.39%
                                  UNMAPPED READS:
  Number of reads unmapped: too many mismatches |	0
       % of reads unmapped: too many mismatches |	0.00%
            Number of reads unmapped: too short |	72738
                 % of reads unmapped: too short |	1.51%
                Number of reads unmapped: other |	6696
                     % of reads unmapped: other |	0.14%
                                  CHIMERIC READS:
                       Number of chimeric reads |	0
                            % of chimeric reads |	0.00%
