                                 Started job on |	Nov 21 09:55:53
                             Started mapping on |	Nov 21 09:57:20
                                    Finished on |	Nov 21 09:57:45
       Mapping speed, Million of reads per hour |	696.16

                          Number of input reads |	4834442
                      Average input read length |	101
                                    UNIQUE READS:
                   Uniquely mapped reads number |	4251202
                        Uniquely mapped reads % |	87.94%
                          Average mapped length |	100.97
                       Number of splices: Total |	1676057
            Number of splices: Annotated (sjdb) |	1674788
                       Number of splices: GT/AG |	1659207
                       Number of splices: GC/AG |	14351
                       Number of splices: AT/AC |	1699
               Number of splices: Non-canonical |	800
                      Mismatch rate per base, % |	0.13%
                         Deletion rate per base |	0.00%
                        Deletion average length |	1.49
                        Insertion rate per base |	0.00%
                       Insertion average length |	1.26
                             MULTI-MAPPING READS:
        Number of reads mapped to multiple loci |	484151
             % of reads mapped to multiple loci |	10.01%
        Number of reads mapped to too many loci |	16608
             % of reads mapped to too many loci |	0.34%
                                  UNMAPPED READS:
  Number of reads unmapped: too many mismatches |	0
       % of reads unmapped: too many mismatches |	0.00%
            Number of reads unmapped: too short |	75503
                 % of reads unmapped: too short |	1.56%
                Number of reads unmapped: other |	6978
                     % of reads unmapped: other |	0.14%
                                  CHIMERIC READS:
                       Number of chimeric reads |	0
                            % of chimeric reads |	0.00%
