                                 Started job on |	Oct 30 14:22:36
                             Started mapping on |	Oct 30 14:24:00
                                    Finished on |	Oct 30 14:24:37
       Mapping speed, Million of reads per hour |	238.50

                          Number of input reads |	2451208
                      Average input read length |	195
                                    UNIQUE READS:
                   Uniquely mapped reads number |	2261469
                        Uniquely mapped reads % |	92.26%
                          Average mapped length |	195.20
                       Number of splices: Total |	1267705
            Number of splices: Annotated (sjdb) |	1267239
                       Number of splices: GT/AG |	1255532
                       Number of splices: GC/AG |	11094
                       Number of splices: AT/AC |	921
               Number of splices: Non-canonical |	158
                      Mismatch rate per base, % |	0.13%
                         Deletion rate per base |	0.02%
                        Deletion average length |	1.80
                        Insertion rate per base |	0.01%
                       Insertion average length |	1.23
                             MULTI-MAPPING READS:
        Number of reads mapped to multiple loci |	148212
             % of reads mapped to multiple loci |	6.05%
        Number of reads mapped to too many loci |	8472
             % of reads mapped to too many loci |	0.35%
                                  UNMAPPED READS:
  Number of reads unmapped: too many mismatches |	0
       % of reads unmapped: too many mismatches |	0.00%
            Number of reads unmapped: too short |	9573
                 % of reads unmapped: too short |	0.39%
                Number of reads unmapped: other |	23482
                     % of reads unmapped: other |	0.96%
                                  CHIMERIC READS:
                       Number of chimeric reads |	0
                            % of chimeric reads |	0.00%
