                                 Started job on |	Oct 30 14:16:03
                             Started mapping on |	Oct 30 14:17:29
                                    Finished on |	Oct 30 14:18:10
       Mapping speed, Million of reads per hour |	274.88

                          Number of input reads |	3130610
                      Average input read length |	194
                                    UNIQUE READS:
                   Uniquely mapped reads number |	2909147
                        Uniquely mapped reads % |	92.93%
                          Average mapped length |	194.79
                       Number of splices: Total |	1728571
            Number of splices: Annotated (sjdb) |	1728056
                       Number of splices: GT/AG |	1713802
                       Number of splices: GC/AG |	13316
                       Number of splices: AT/AC |	1304
               Number of splices: Non-canonical |	149
                      Mismatch rate per base, % |	0.14%
                         Deletion rate per base |	0.03%
                        Deletion average length |	1.76
                        Insertion rate per base |	0.01%
                       Insertion average length |	1.26
                             MULTI-MAPPING READS:
        Number of reads mapped to multiple loci |	202160
             % of reads mapped to multiple loci |	6.46%
        Number of reads mapped to too many loci |	5408
             % of reads mapped to too many loci |	0.17%
                                  UNMAPPED READS:
  Number of reads unmapped: too many mismatches |	0
       % of reads unmapped: too many mismatches |	0.00%
            Number of reads unmapped: too short |	7388
                 % of reads unmapped: too short |	0.24%
                Number of reads unmapped: other |	6507
                     % of reads unmapped: other |	0.21%
                                  CHIMERIC READS:
                       Number of chimeric reads |	0
                            % of chimeric reads |	0.00%
