                                 Started job on |	Oct 30 14:27:10
                             Started mapping on |	Oct 30 14:28:42
                                    Finished on |	Oct 30 14:29:16
       Mapping speed, Million of reads per hour |	260.92

                          Number of input reads |	2464263
                      Average input read length |	194
                                    UNIQUE READS:
                   Uniquely mapped reads number |	2296585
                        Uniquely mapped reads % |	93.20%
                          Average mapped length |	194.50
                       Number of splices: Total |	1456879
            Number of splices: Annotated (sjdb) |	1456408
                       Number of splices: GT/AG |	1444363
                       Number of splices: GC/AG |	11285
                       Number of splices: AT/AC |	1079
               Number of splices: Non-canonical |	152
                      Mismatch rate per base, % |	0.13%
                         Deletion rate per base |	0.02%
                        Deletion average length |	2.23
                        Insertion rate per base |	0.01%
                       Insertion average length |	1.27
                             MULTI-MAPPING READS:
        Number of reads mapped to multiple loci |	148196
             % of reads mapped to multiple loci |	6.01%
        Number of reads mapped to too many loci |	4266
             % of reads mapped to too many loci |	0.17%
                                  UNMAPPED READS:
  Number of reads unmapped: too many mismatches |	0
       % of reads unmapped: too many mismatches |	0.00%
            Number of reads unmapped: too short |	6137
                 % of reads unmapped: too short |	0.25%
                Number of reads unmapped: other |	9079
                     % of reads unmapped: other |	0.37%
                                  CHIMERIC READS:
                       Number of chimeric reads |	0
                            % of chimeric reads |	0.00%
