                                 Started job on |	Oct 30 14:20:37
                             Started mapping on |	Oct 30 14:21:59
                                    Finished on |	Oct 30 14:22:35
       Mapping speed, Million of reads per hour |	279.88

                          Number of input reads |	2798761
                      Average input read length |	194
                                    UNIQUE READS:
                   Uniquely mapped reads number |	2612139
                        Uniquely mapped reads % |	93.33%
                          Average mapped length |	194.79
                       Number of splices: Total |	1440404
            Number of splices: Annotated (sjdb) |	1440024
                       Number of splices: GT/AG |	1427808
                       Number of splices: GC/AG |	11427
                       Number of splices: AT/AC |	1066
               Number of splices: Non-canonical |	103
                      Mismatch rate per base, % |	0.15%
                         Deletion rate per base |	0.02%
                        Deletion average length |	2.18
                        Insertion rate per base |	0.01%
                       Insertion average length |	1.32
                             MULTI-MAPPING READS:
        Number of reads mapped to multiple loci |	169057
             % of reads mapped to multiple loci |	6.04%
        Number of reads mapped to too many loci |	4129
             % of reads mapped to too many loci |	0.15%
                                  UNMAPPED READS:
  Number of reads unmapped: too many mismatches |	0
       % of reads unmapped: too many mismatches |	0.00%
            Number of reads unmapped: too short |	7427
                 % of reads unmapped: too short |	0.27%
                Number of reads unmapped: other |	6009
                     % of reads unmapped: other |	0.21%
                                  CHIMERIC READS:
                       Number of chimeric reads |	0
                            % of chimeric reads |	0.00%
