                                 Started job on |	Oct 30 14:18:11
                             Started mapping on |	Oct 30 14:19:59
                                    Finished on |	Oct 30 14:20:37
       Mapping speed, Million of reads per hour |	241.40

                          Number of input reads |	2548081
                      Average input read length |	195
                                    UNIQUE READS:
                   Uniquely mapped reads number |	2390473
                        Uniquely mapped reads % |	93.81%
                          Average mapped length |	194.97
                       Number of splices: Total |	1413517
            Number of splices: Annotated (sjdb) |	1413078
                       Number of splices: GT/AG |	1400858
                       Number of splices: GC/AG |	11424
                       Number of splices: AT/AC |	1103
               Number of splices: Non-canonical |	132
                      Mismatch rate per base, % |	0.12%
                         Deletion rate per base |	0.02%
                        Deletion average length |	1.77
                        Insertion rate per base |	0.01%
                       Insertion average length |	1.19
                             MULTI-MAPPING READS:
        Number of reads mapped to multiple loci |	139305
             % of reads mapped to multiple loci |	5.47%
        Number of reads mapped to too many loci |	4616
             % of reads mapped to too many loci |	0.18%
                                  UNMAPPED READS:
  Number of reads unmapped: too many mismatches |	0
       % of reads unmapped: too many mismatches |	0.00%
            Number of reads unmapped: too short |	7513
                 % of reads unmapped: too short |	0.29%
                Number of reads unmapped: other |	6174
                     % of reads unmapped: other |	0.24%
                                  CHIMERIC READS:
                       Number of chimeric reads |	0
                            % of chimeric reads |	0.00%
