[2024-11-21 11:07:44.153] [jointLog] [info] setting maxHashResizeThreads to 25
[2024-11-21 11:07:44.153] [jointLog] [info] Fragment incompatibility prior below threshold.  Incompatible fragments will be ignored.
[2024-11-21 11:07:44.285] [jointLog] [info] numQuantThreads = 19
[2024-11-21 11:07:46.815] [fileLog] [info] quantification processed 0 fragments so far

[2024-11-21 11:07:46.645] [jointLog] [info] replaced 0 non-ACGT nucleotides with random nucleotides
[2024-11-21 11:07:46.854] [jointLog] [info] Automatically detected most likely library type as IU

[2024-11-21 11:07:48.289] [fileLog] [info] quantification processed 1000000 fragments so far

[2024-11-21 11:07:49.686] [fileLog] [info] quantification processed 2000000 fragments so far

[2024-11-21 11:07:51.155] [fileLog] [info] quantification processed 3000000 fragments so far

[2024-11-21 11:07:51.582] [jointLog] [info] 

The alignment group queue pool has been exhausted.  3898340 extra fragments were allocated on the heap to saturate the pool.  No new fragments will be allocated


[2024-11-21 11:07:54.203] [fileLog] [info] quantification processed 4000000 fragments so far

[2024-11-21 11:07:55.316] [fileLog] [info] quantification processed 4294536 fragments so far

[2024-11-21 11:08:02.375] [jointLog] [info] Thread saw mini-batch with a maximum of 0.20% zero probability fragments
[2024-11-21 11:08:02.384] [jointLog] [info] Thread saw mini-batch with a maximum of 0.10% zero probability fragments
[2024-11-21 11:08:02.386] [jointLog] [info] Thread saw mini-batch with a maximum of 0.10% zero probability fragments
[2024-11-21 11:08:02.388] [jointLog] [info] Thread saw mini-batch with a maximum of 0.10% zero probability fragments
[2024-11-21 11:08:02.389] [jointLog] [info] Thread saw mini-batch with a maximum of 0.10% zero probability fragments
[2024-11-21 11:08:02.389] [jointLog] [info] Thread saw mini-batch with a maximum of 0.20% zero probability fragments
[2024-11-21 11:08:02.390] [jointLog] [info] Thread saw mini-batch with a maximum of 0.10% zero probability fragments
[2024-11-21 11:08:02.401] [jointLog] [info] Thread saw mini-batch with a maximum of 0.10% zero probability fragments
[2024-11-21 11:08:02.402] [jointLog] [info] Thread saw mini-batch with a maximum of 0.10% zero probability fragments
[2024-11-21 11:08:02.405] [jointLog] [info] Thread saw mini-batch with a maximum of 0.10% zero probability fragments
[2024-11-21 11:08:02.410] [jointLog] [info] Thread saw mini-batch with a maximum of 0.10% zero probability fragments
[2024-11-21 11:08:02.414] [jointLog] [info] Thread saw mini-batch with a maximum of 0.10% zero probability fragments
[2024-11-21 11:08:02.415] [jointLog] [info] Thread saw mini-batch with a maximum of 0.10% zero probability fragments
[2024-11-21 11:08:02.415] [jointLog] [info] Thread saw mini-batch with a maximum of 0.20% zero probability fragments
[2024-11-21 11:08:02.416] [jointLog] [info] Thread saw mini-batch with a maximum of 0.20% zero probability fragments
[2024-11-21 11:08:02.416] [jointLog] [info] Thread saw mini-batch with a maximum of 0.10% zero probability fragments
[2024-11-21 11:08:02.419] [jointLog] [info] Thread saw mini-batch with a maximum of 0.20% zero probability fragments
[2024-11-21 11:08:02.427] [jointLog] [info] Thread saw mini-batch with a maximum of 0.10% zero probability fragments
[2024-11-21 11:08:02.428] [jointLog] [info] Thread saw mini-batch with a maximum of 0.10% zero probability fragments
[2024-11-21 11:08:02.429] [jointLog] [info] 


Completed first pass through the alignment file.
Total # of mapped reads : 4294536
# of uniquely mapped reads : 1248086
# ambiguously mapped reads : 3046450



[2024-11-21 11:08:02.578] [jointLog] [info] Computed 214,607 rich equivalence classes for further processing
[2024-11-21 11:08:02.578] [jointLog] [info] Counted 4,294,317 total reads in the equivalence classes 
[2024-11-21 11:08:02.594] [jointLog] [warning] Only 4294536 fragments were mapped, but the number of burn-in fragments was set to 5000000.
The effective lengths have been computed using the observed mappings.

[2024-11-21 11:08:02.594] [jointLog] [info] starting optimizer
[2024-11-21 11:08:02.684] [jointLog] [info] Marked 0 weighted equivalence classes as degenerate
[2024-11-21 11:08:02.689] [jointLog] [info] iteration = 0 | max rel diff. = 2755.81
[2024-11-21 11:08:02.739] [jointLog] [info] iteration 11, adjusting effective lengths to account for biases
[2024-11-21 11:08:05.323] [jointLog] [info] Computed expected counts (for bias correction)
[2024-11-21 11:08:05.323] [jointLog] [info] processed bias for 0.3% of the transcripts
[2024-11-21 11:08:05.613] [jointLog] [info] processed bias for 10.0% of the transcripts
[2024-11-21 11:08:05.919] [jointLog] [info] processed bias for 20.0% of the transcripts
[2024-11-21 11:08:06.199] [jointLog] [info] processed bias for 30.0% of the transcripts
[2024-11-21 11:08:06.519] [jointLog] [info] processed bias for 40.0% of the transcripts
[2024-11-21 11:08:06.838] [jointLog] [info] processed bias for 50.0% of the transcripts
[2024-11-21 11:08:07.142] [jointLog] [info] processed bias for 60.0% of the transcripts
[2024-11-21 11:08:07.444] [jointLog] [info] processed bias for 70.0% of the transcripts
[2024-11-21 11:08:07.766] [jointLog] [info] processed bias for 80.0% of the transcripts
[2024-11-21 11:08:08.018] [jointLog] [info] processed bias for 90.0% of the transcripts
[2024-11-21 11:08:08.328] [jointLog] [info] processed bias for 100.0% of the transcripts
[2024-11-21 11:08:08.337] [jointLog] [info] processed bias for 100.0% of the transcripts
[2024-11-21 11:08:08.774] [jointLog] [info] iteration = 100 | max rel diff. = 18.594
[2024-11-21 11:08:09.243] [jointLog] [info] iteration = 200 | max rel diff. = 6.99045
[2024-11-21 11:08:09.722] [jointLog] [info] iteration = 300 | max rel diff. = 0.794519
[2024-11-21 11:08:10.202] [jointLog] [info] iteration = 400 | max rel diff. = 0.504754
[2024-11-21 11:08:10.687] [jointLog] [info] iteration = 500 | max rel diff. = 0.893089
[2024-11-21 11:08:11.169] [jointLog] [info] iteration = 600 | max rel diff. = 0.33928
[2024-11-21 11:08:11.649] [jointLog] [info] iteration = 700 | max rel diff. = 0.112258
[2024-11-21 11:08:12.102] [jointLog] [info] iteration = 800 | max rel diff. = 0.467508
[2024-11-21 11:08:12.572] [jointLog] [info] iteration = 900 | max rel diff. = 0.278135
[2024-11-21 11:08:13.033] [jointLog] [info] iteration = 1,000 | max rel diff. = 0.0639263
[2024-11-21 11:08:13.493] [jointLog] [info] iteration = 1,100 | max rel diff. = 0.241963
[2024-11-21 11:08:13.810] [jointLog] [info] iteration = 1,170 | max rel diff. = 0.00743809
[2024-11-21 11:08:13.821] [jointLog] [info] finished optimizer
[2024-11-21 11:08:13.821] [jointLog] [info] writing output
[2024-11-21 11:08:14.876] [jointLog] [info] Computing gene-level abundance estimates
[2024-11-21 11:08:34.549] [jointLog] [info] There were 142379 transcripts mapping to 55357 genes
[2024-11-21 11:08:34.549] [jointLog] [info] NOTE: We recommend using tximport (https://bioconductor.org/packages/release/bioc/html/tximport.html) for aggregating transcript-level salmon abundance estimates to the gene level.  It is more versatile, exposes more features, and allows considering multi-sample information during aggregation.
[2024-11-21 11:08:34.752] [jointLog] [info] Aggregating expressions to gene level
[2024-11-21 11:08:34.849] [jointLog] [info] done
