                                 Started job on |	Nov 21 10:04:54
                             Started mapping on |	Nov 21 10:05:04
                                    Finished on |	Nov 21 10:05:15
       Mapping speed, Million of reads per hour |	1581.02

                          Number of input reads |	4830888
                      Average input read length |	101
                                    UNIQUE READS:
                   Uniquely mapped reads number |	4273186
                        Uniquely mapped reads % |	88.46%
                          Average mapped length |	100.95
                       Number of splices: Total |	1788734
            Number of splices: Annotated (sjdb) |	1780207
                       Number of splices: GT/AG |	1769768
                       Number of splices: GC/AG |	16289
                       Number of splices: AT/AC |	1778
               Number of splices: Non-canonical |	899
                      Mismatch rate per base, % |	0.13%
                         Deletion rate per base |	0.01%
                        Deletion average length |	1.55
                        Insertion rate per base |	0.00%
                       Insertion average length |	1.27
                             MULTI-MAPPING READS:
        Number of reads mapped to multiple loci |	446976
             % of reads mapped to multiple loci |	9.25%
        Number of reads mapped to too many loci |	19935
             % of reads mapped to too many loci |	0.41%
                                  UNMAPPED READS:
  Number of reads unmapped: too many mismatches |	0
       % of reads unmapped: too many mismatches |	0.00%
            Number of reads unmapped: too short |	84085
                 % of reads unmapped: too short |	1.74%
                Number of reads unmapped: other |	6706
                     % of reads unmapped: other |	0.14%
                                  CHIMERIC READS:
                       Number of chimeric reads |	0
                            % of chimeric reads |	0.00%
