                                 Started job on |	Nov 21 10:03:09
                             Started mapping on |	Nov 21 10:03:18
                                    Finished on |	Nov 21 10:03:29
       Mapping speed, Million of reads per hour |	1577.90

                          Number of input reads |	4821372
                      Average input read length |	101
                                    UNIQUE READS:
                   Uniquely mapped reads number |	4254207
                        Uniquely mapped reads % |	88.24%
                          Average mapped length |	100.92
                       Number of splices: Total |	1676492
            Number of splices: Annotated (sjdb) |	1667165
                       Number of splices: GT/AG |	1658402
                       Number of splices: GC/AG |	15505
                       Number of splices: AT/AC |	1830
               Number of splices: Non-canonical |	755
                      Mismatch rate per base, % |	0.13%
                         Deletion rate per base |	0.00%
                        Deletion average length |	1.51
                        Insertion rate per base |	0.00%
                       Insertion average length |	1.27
                             MULTI-MAPPING READS:
        Number of reads mapped to multiple loci |	461905
             % of reads mapped to multiple loci |	9.58%
        Number of reads mapped to too many loci |	17776
             % of reads mapped to too many loci |	0.37%
                                  UNMAPPED READS:
  Number of reads unmapped: too many mismatches |	0
       % of reads unmapped: too many mismatches |	0.00%
            Number of reads unmapped: too short |	80694
                 % of reads unmapped: too short |	1.67%
                Number of reads unmapped: other |	6790
                     % of reads unmapped: other |	0.14%
                                  CHIMERIC READS:
                       Number of chimeric reads |	0
                            % of chimeric reads |	0.00%
