                                 Started job on |	Oct 30 14:22:36
                             Started mapping on |	Oct 30 14:22:48
                                    Finished on |	Oct 30 14:22:58
       Mapping speed, Million of reads per hour |	882.43

                          Number of input reads |	2451208
                      Average input read length |	195
                                    UNIQUE READS:
                   Uniquely mapped reads number |	2264666
                        Uniquely mapped reads % |	92.39%
                          Average mapped length |	195.20
                       Number of splices: Total |	1264747
            Number of splices: Annotated (sjdb) |	1255217
                       Number of splices: GT/AG |	1253179
                       Number of splices: GC/AG |	10496
                       Number of splices: AT/AC |	921
               Number of splices: Non-canonical |	151
                      Mismatch rate per base, % |	0.13%
                         Deletion rate per base |	0.02%
                        Deletion average length |	1.80
                        Insertion rate per base |	0.01%
                       Insertion average length |	1.23
                             MULTI-MAPPING READS:
        Number of reads mapped to multiple loci |	145764
             % of reads mapped to multiple loci |	5.95%
        Number of reads mapped to too many loci |	12270
             % of reads mapped to too many loci |	0.50%
                                  UNMAPPED READS:
  Number of reads unmapped: too many mismatches |	0
       % of reads unmapped: too many mismatches |	0.00%
            Number of reads unmapped: too short |	9590
                 % of reads unmapped: too short |	0.39%
                Number of reads unmapped: other |	18918
                     % of reads unmapped: other |	0.77%
                                  CHIMERIC READS:
                       Number of chimeric reads |	0
                            % of chimeric reads |	0.00%
